2019-08-20 00:55:55.476 [main] INFO  com.maxtree.automotive.dashboard.TB4Application - Logger enabled: Entering main 你好


2019-08-20 00:55:55.789 [main] INFO  com.maxtree.automotive.dashboard.TB4Application - Starting TB4Application on DESKTOP-O28860S with PID 17028 (C:\Users\forer\Downloads\TrackBe4\target\classes started by forer in C:\Users\forer\Downloads\TrackBe4)
2019-08-20 00:55:55.789 [main] INFO  com.maxtree.automotive.dashboard.TB4Application - No active profile set, falling back to default profiles: default
2019-08-20 00:55:56.492 [main] INFO  o.s.d.r.config.RepositoryConfigurationDelegate - Bootstrapping Spring Data repositories in DEFAULT mode.
2019-08-20 00:55:56.633 [main] INFO  o.s.d.r.config.RepositoryConfigurationDelegate - Finished Spring Data repository scanning in 141ms. Found 1 repository interfaces.
2019-08-20 00:55:56.696 [main] INFO  o.s.c.annotation.ConfigurationClassPostProcessor - Cannot enhance @Configuration bean definition 'com.vaadin.spring.VaadinConfiguration' since its singleton instance has been created too early. The typical cause is a non-static @Bean method with a BeanDefinitionRegistryPostProcessor return type: Consider declaring such methods as 'static'.
2019-08-20 00:55:56.946 [main] INFO  o.s.c.s.PostProcessorRegistrationDelegate$BeanPostProcessorChecker - Bean 'org.springframework.transaction.annotation.ProxyTransactionManagementConfiguration' of type [org.springframework.transaction.annotation.ProxyTransactionManagementConfiguration$$EnhancerBySpringCGLIB$$3046651c] is not eligible for getting processed by all BeanPostProcessors (for example: not eligible for auto-proxying)
2019-08-20 00:55:57.180 [main] INFO  o.s.boot.web.embedded.tomcat.TomcatWebServer - Tomcat initialized with port(s): 8787 (http)
2019-08-20 00:55:57.196 [main] INFO  org.apache.coyote.http11.Http11NioProtocol - Initializing ProtocolHandler ["http-nio-8787"]
2019-08-20 00:55:57.196 [main] INFO  org.apache.catalina.core.StandardService - Starting service [Tomcat]
2019-08-20 00:55:57.196 [main] INFO  org.apache.catalina.core.StandardEngine - Starting Servlet engine: [Apache Tomcat/9.0.21]
2019-08-20 00:55:57.274 [main] INFO  o.a.c.core.ContainerBase.[Tomcat].[localhost].[/] - Initializing Spring embedded WebApplicationContext
2019-08-20 00:55:57.274 [main] INFO  org.springframework.web.context.ContextLoader - Root WebApplicationContext: initialization completed in 1454 ms
2019-08-20 00:55:57.290 [main] INFO  c.v.s.boot.internal.VaadinServletConfiguration - Registering Vaadin servlet
2019-08-20 00:55:57.290 [main] INFO  c.v.s.boot.internal.VaadinServletConfiguration - Servlet will be mapped to URLs [/vaadinServlet/*, /VAADIN/*]
2019-08-20 00:55:57.290 [main] INFO  c.v.s.boot.internal.VaadinServletConfiguration - Setting servlet init parameters
2019-08-20 00:55:57.290 [main] INFO  c.v.s.boot.internal.VaadinServletConfiguration - Set servlet init parameter [productionMode] = [false]
2019-08-20 00:55:57.290 [main] INFO  c.v.s.boot.internal.VaadinServletConfiguration - Set servlet init parameter [resourceCacheTime] = [3600]
2019-08-20 00:55:57.290 [main] INFO  c.v.s.boot.internal.VaadinServletConfiguration - Set servlet init parameter [heartbeatInterval] = [300]
2019-08-20 00:55:57.290 [main] INFO  c.v.s.boot.internal.VaadinServletConfiguration - Set servlet init parameter [closeIdleSessions] = [false]
2019-08-20 00:55:57.461 [main] INFO  com.zaxxer.hikari.HikariDataSource - HikariPool-1 - Starting...
2019-08-20 00:55:57.540 [main] INFO  com.zaxxer.hikari.HikariDataSource - HikariPool-1 - Start completed.
2019-08-20 00:55:57.633 [main] INFO  org.hibernate.jpa.internal.util.LogHelper - HHH000204: Processing PersistenceUnitInfo [
	name: default
	...]
2019-08-20 00:55:57.711 [main] INFO  org.hibernate.Version - HHH000412: Hibernate Core {5.3.10.Final}
2019-08-20 00:55:57.711 [main] INFO  org.hibernate.cfg.Environment - HHH000206: hibernate.properties not found
2019-08-20 00:55:57.836 [main] INFO  org.hibernate.annotations.common.Version - HCANN000001: Hibernate Commons Annotations {5.0.4.Final}
2019-08-20 00:55:58.243 [main] INFO  org.hibernate.dialect.Dialect - HHH000400: Using dialect: org.hibernate.dialect.PostgreSQL95Dialect
2019-08-20 00:55:58.415 [main] INFO  o.h.engine.jdbc.env.internal.LobCreatorBuilderImpl - HHH000424: Disabling contextual LOB creation as createClob() method threw error : java.lang.reflect.InvocationTargetException
2019-08-20 00:55:58.415 [main] INFO  org.hibernate.type.BasicTypeRegistry - HHH000270: Type registration [java.util.UUID] overrides previous : org.hibernate.type.UUIDBinaryType@4c83416f
2019-08-20 00:55:58.852 [main] WARN  o.h.t.schema.internal.ExceptionHandlerLoggedImpl - GenerationTarget encountered exception accepting command : Error executing DDL "
    create table customer (
       id  bigserial not null,
        first_name varchar(255),
        last_name varchar(255),
        primary key (id)
    )" via JDBC Statement
org.hibernate.tool.schema.spi.CommandAcceptanceException: Error executing DDL "
    create table customer (
       id  bigserial not null,
        first_name varchar(255),
        last_name varchar(255),
        primary key (id)
    )" via JDBC Statement
	at org.hibernate.tool.schema.internal.exec.GenerationTargetToDatabase.accept(GenerationTargetToDatabase.java:67)
	at org.hibernate.tool.schema.internal.AbstractSchemaMigrator.applySqlString(AbstractSchemaMigrator.java:559)
	at org.hibernate.tool.schema.internal.AbstractSchemaMigrator.applySqlStrings(AbstractSchemaMigrator.java:504)
	at org.hibernate.tool.schema.internal.AbstractSchemaMigrator.createTable(AbstractSchemaMigrator.java:277)
	at org.hibernate.tool.schema.internal.GroupedSchemaMigratorImpl.performTablesMigration(GroupedSchemaMigratorImpl.java:71)
	at org.hibernate.tool.schema.internal.AbstractSchemaMigrator.performMigration(AbstractSchemaMigrator.java:207)
	at org.hibernate.tool.schema.internal.AbstractSchemaMigrator.doMigration(AbstractSchemaMigrator.java:114)
	at org.hibernate.tool.schema.spi.SchemaManagementToolCoordinator.performDatabaseAction(SchemaManagementToolCoordinator.java:183)
	at org.hibernate.tool.schema.spi.SchemaManagementToolCoordinator.process(SchemaManagementToolCoordinator.java:72)
	at org.hibernate.internal.SessionFactoryImpl.<init>(SessionFactoryImpl.java:310)
	at org.hibernate.boot.internal.SessionFactoryBuilderImpl.build(SessionFactoryBuilderImpl.java:467)
	at org.hibernate.jpa.boot.internal.EntityManagerFactoryBuilderImpl.build(EntityManagerFactoryBuilderImpl.java:939)
	at org.springframework.orm.jpa.vendor.SpringHibernateJpaPersistenceProvider.createContainerEntityManagerFactory(SpringHibernateJpaPersistenceProvider.java:57)
	at org.springframework.orm.jpa.LocalContainerEntityManagerFactoryBean.createNativeEntityManagerFactory(LocalContainerEntityManagerFactoryBean.java:365)
	at org.springframework.orm.jpa.AbstractEntityManagerFactoryBean.buildNativeEntityManagerFactory(AbstractEntityManagerFactoryBean.java:390)
	at org.springframework.orm.jpa.AbstractEntityManagerFactoryBean.afterPropertiesSet(AbstractEntityManagerFactoryBean.java:377)
	at org.springframework.orm.jpa.LocalContainerEntityManagerFactoryBean.afterPropertiesSet(LocalContainerEntityManagerFactoryBean.java:341)
	at org.springframework.beans.factory.support.AbstractAutowireCapableBeanFactory.invokeInitMethods(AbstractAutowireCapableBeanFactory.java:1837)
	at org.springframework.beans.factory.support.AbstractAutowireCapableBeanFactory.initializeBean(AbstractAutowireCapableBeanFactory.java:1774)
	at org.springframework.beans.factory.support.AbstractAutowireCapableBeanFactory.doCreateBean(AbstractAutowireCapableBeanFactory.java:593)
	at org.springframework.beans.factory.support.AbstractAutowireCapableBeanFactory.createBean(AbstractAutowireCapableBeanFactory.java:515)
	at org.springframework.beans.factory.support.AbstractBeanFactory.lambda$doGetBean$0(AbstractBeanFactory.java:320)
	at org.springframework.beans.factory.support.DefaultSingletonBeanRegistry.getSingleton(DefaultSingletonBeanRegistry.java:222)
	at org.springframework.beans.factory.support.AbstractBeanFactory.doGetBean(AbstractBeanFactory.java:318)
	at org.springframework.beans.factory.support.AbstractBeanFactory.getBean(AbstractBeanFactory.java:199)
	at org.springframework.context.support.AbstractApplicationContext.getBean(AbstractApplicationContext.java:1105)
	at org.springframework.context.support.AbstractApplicationContext.finishBeanFactoryInitialization(AbstractApplicationContext.java:867)
	at org.springframework.context.support.AbstractApplicationContext.refresh(AbstractApplicationContext.java:549)
	at org.springframework.boot.web.servlet.context.ServletWebServerApplicationContext.refresh(ServletWebServerApplicationContext.java:140)
	at org.springframework.boot.SpringApplication.refresh(SpringApplication.java:742)
	at org.springframework.boot.SpringApplication.refreshContext(SpringApplication.java:389)
	at org.springframework.boot.SpringApplication.run(SpringApplication.java:311)
	at org.springframework.boot.SpringApplication.run(SpringApplication.java:1213)
	at org.springframework.boot.SpringApplication.run(SpringApplication.java:1202)
	at com.maxtree.automotive.dashboard.TB4Application.main(TB4Application.java:47)
	at sun.reflect.NativeMethodAccessorImpl.invoke0(Native Method)
	at sun.reflect.NativeMethodAccessorImpl.invoke(NativeMethodAccessorImpl.java:62)
	at sun.reflect.DelegatingMethodAccessorImpl.invoke(DelegatingMethodAccessorImpl.java:43)
	at java.lang.reflect.Method.invoke(Method.java:498)
	at org.springframework.boot.maven.AbstractRunMojo$LaunchRunner.run(AbstractRunMojo.java:542)
	at java.lang.Thread.run(Thread.java:748)
Caused by: org.postgresql.util.PSQLException: 错误: 关系 "customer" 已经存在
	at org.postgresql.core.v3.QueryExecutorImpl.receiveErrorResponse(QueryExecutorImpl.java:2468)
	at org.postgresql.core.v3.QueryExecutorImpl.processResults(QueryExecutorImpl.java:2211)
	at org.postgresql.core.v3.QueryExecutorImpl.execute(QueryExecutorImpl.java:309)
	at org.postgresql.jdbc.PgStatement.executeInternal(PgStatement.java:446)
	at org.postgresql.jdbc.PgStatement.execute(PgStatement.java:370)
	at org.postgresql.jdbc.PgStatement.executeWithFlags(PgStatement.java:311)
	at org.postgresql.jdbc.PgStatement.executeCachedSql(PgStatement.java:297)
	at org.postgresql.jdbc.PgStatement.executeWithFlags(PgStatement.java:274)
	at org.postgresql.jdbc.PgStatement.execute(PgStatement.java:269)
	at com.zaxxer.hikari.pool.ProxyStatement.execute(ProxyStatement.java:95)
	at com.zaxxer.hikari.pool.HikariProxyStatement.execute(HikariProxyStatement.java)
	at org.hibernate.tool.schema.internal.exec.GenerationTargetToDatabase.accept(GenerationTargetToDatabase.java:54)
	... 40 common frames omitted
2019-08-20 00:55:58.852 [main] INFO  o.s.orm.jpa.LocalContainerEntityManagerFactoryBean - Initialized JPA EntityManagerFactory for persistence unit 'default'
2019-08-20 00:55:59.274 [main] INFO  o.s.scheduling.concurrent.ThreadPoolTaskExecutor - Initializing ExecutorService 'applicationTaskExecutor'
2019-08-20 00:55:59.305 [main] WARN  o.s.b.a.o.j.JpaBaseConfiguration$JpaWebConfiguration$JpaWebMvcConfiguration - spring.jpa.open-in-view is enabled by default. Therefore, database queries may be performed during view rendering. Explicitly configure spring.jpa.open-in-view to disable this warning
2019-08-20 00:55:59.352 [main] INFO  c.v.s.boot.internal.VaadinServletConfiguration - Checking the application context for Vaadin UI mappings
2019-08-20 00:55:59.352 [main] INFO  c.v.s.boot.internal.VaadinServletConfiguration - Registering Vaadin servlet of type [com.vaadin.spring.server.SpringVaadinServlet]
2019-08-20 00:55:59.367 [main] INFO  c.v.s.boot.internal.VaadinServletConfiguration - Forwarding @SpringUI URLs from {/=org.springframework.web.servlet.mvc.ServletForwardingController@82f3abd}
2019-08-20 00:55:59.492 [main] INFO  org.apache.coyote.http11.Http11NioProtocol - Starting ProtocolHandler ["http-nio-8787"]
2019-08-20 00:55:59.508 [main] INFO  o.s.boot.web.embedded.tomcat.TomcatWebServer - Tomcat started on port(s): 8787 (http) with context path ''
2019-08-20 00:55:59.508 [main] INFO  com.maxtree.automotive.dashboard.TB4Application - Started TB4Application in 3.969 seconds (JVM running for 18.607)
2019-08-20 00:55:59.539 [main] INFO  o.h.hql.internal.QueryTranslatorFactoryInitiator - HHH000397: Using ASTQueryTranslatorFactory
2019-08-20 00:55:59.680 [main] INFO  com.maxtree.automotive.dashboard.TB4Application - Customers found with findAll():
2019-08-20 00:55:59.680 [main] INFO  com.maxtree.automotive.dashboard.TB4Application - -------------------------------
2019-08-20 00:55:59.680 [main] INFO  com.maxtree.automotive.dashboard.TB4Application - Customer[id=36, firstName='Jack', lastName='Bauer']
2019-08-20 00:55:59.680 [main] INFO  com.maxtree.automotive.dashboard.TB4Application - Customer[id=37, firstName='Chloe', lastName='O'Brian']
2019-08-20 00:55:59.680 [main] INFO  com.maxtree.automotive.dashboard.TB4Application - Customer[id=38, firstName='Kim2222222', lastName='Bauer222222222']
2019-08-20 00:55:59.680 [main] INFO  com.maxtree.automotive.dashboard.TB4Application - Customer[id=39, firstName='David', lastName='Palmer']
2019-08-20 00:55:59.680 [main] INFO  com.maxtree.automotive.dashboard.TB4Application - Customer[id=40, firstName='Michelle', lastName='Dessler']
2019-08-20 00:55:59.680 [main] INFO  com.maxtree.automotive.dashboard.TB4Application - 
2019-08-20 00:55:59.680 [main] INFO  com.maxtree.automotive.dashboard.TB4Application - Customer found with findByLastName('Bauer'):
2019-08-20 00:55:59.680 [main] INFO  com.maxtree.automotive.dashboard.TB4Application - --------------------------------------------
2019-08-20 00:55:59.711 [main] INFO  com.maxtree.automotive.dashboard.TB4Application - Customer[id=36, firstName='Jack', lastName='Bauer']
2019-08-20 00:55:59.711 [main] INFO  com.maxtree.automotive.dashboard.TB4Application - 
2019-08-20 00:55:59.711 [main] INFO  com.maxtree.automotive.dashboard.TB4Application - Exiting main
